app/build/intermediates/manifest_merge_blame_file/release/manifest-merger-blame-release-report.txt
1<?xml version="1.0" encoding="utf-8"?>
2<manifest xmlns:android="http://schemas.android.com/apk/res/android"
3    package="com.example.firebasetest"
4    android:versionCode="1"
5    android:versionName="1.0" >
6
7    <uses-sdk
8        android:minSdkVersion="21"
8-->src/main/AndroidManifest.xml
9        android:targetSdkVersion="29" />
9-->src/main/AndroidManifest.xml
10
11    <uses-permission android:name="android.permission.INTERNET" />
11-->src/main/AndroidManifest.xml:5:5-66
11-->src/main/AndroidManifest.xml:5:22-64
12
13    <!-- Although the *SdkVersion is captured in gradle build files, this is required for non gradle builds -->
14    <!-- <uses-sdk android:minSdkVersion="14"/> -->
15    <uses-permission android:name="android.permission.ACCESS_NETWORK_STATE" />
15-->[com.google.firebase:firebase-database:19.2.0] AndroidManifest.xml:25:5-79
15-->[com.google.firebase:firebase-database:19.2.0] AndroidManifest.xml:25:22-76
16
17    <application
17-->src/main/AndroidManifest.xml:7:5-25:19
18        android:allowBackup="true"
18-->src/main/AndroidManifest.xml:9:9-35
19        android:appComponentFactory="androidx.core.app.CoreComponentFactory"
19-->[androidx.core:core:1.1.0] AndroidManifest.xml:24:18-86
20        android:icon="@mipmap/ic_launcher"
20-->src/main/AndroidManifest.xml:10:9-43
21        android:label="Dota 2 Hero Index"
21-->src/main/AndroidManifest.xml:11:9-42
22        android:roundIcon="@mipmap/ic_launcher_round"
22-->src/main/AndroidManifest.xml:12:9-54
23        android:supportsRtl="true"
23-->src/main/AndroidManifest.xml:13:9-35
24        android:theme="@style/AppTheme"
24-->src/main/AndroidManifest.xml:14:9-40
25        android:usesCleartextTraffic="true" >
25-->src/main/AndroidManifest.xml:8:9-44
26        <activity android:name="com.example.firebasetest.MainActivity" >
26-->src/main/AndroidManifest.xml:15:9-21:20
26-->src/main/AndroidManifest.xml:15:19-47
27            <intent-filter>
27-->src/main/AndroidManifest.xml:16:13-20:29
28                <action android:name="android.intent.action.MAIN" />
28-->src/main/AndroidManifest.xml:17:17-69
28-->src/main/AndroidManifest.xml:17:25-66
29
30                <category android:name="android.intent.category.LAUNCHER" />
30-->src/main/AndroidManifest.xml:19:17-77
30-->src/main/AndroidManifest.xml:19:27-74
31            </intent-filter>
32        </activity>
33        <activity android:name="com.example.firebasetest.IconTableActivity" />
33-->src/main/AndroidManifest.xml:22:9-64
33-->src/main/AndroidManifest.xml:22:19-52
34        <activity android:name="com.example.firebasetest.HeroInfoActivity" />
34-->src/main/AndroidManifest.xml:23:9-63
34-->src/main/AndroidManifest.xml:23:19-51
35        <activity android:name="com.example.firebasetest.SignupActivity" />
35-->src/main/AndroidManifest.xml:24:9-61
35-->src/main/AndroidManifest.xml:24:19-49
36        <activity
36-->[com.google.firebase:firebase-auth:19.1.0] AndroidManifest.xml:24:9-31:50
37            android:name="com.google.firebase.auth.internal.FederatedSignInActivity"
37-->[com.google.firebase:firebase-auth:19.1.0] AndroidManifest.xml:25:13-85
38            android:excludeFromRecents="true"
38-->[com.google.firebase:firebase-auth:19.1.0] AndroidManifest.xml:26:13-46
39            android:exported="true"
39-->[com.google.firebase:firebase-auth:19.1.0] AndroidManifest.xml:27:13-36
40            android:launchMode="singleTask"
40-->[com.google.firebase:firebase-auth:19.1.0] AndroidManifest.xml:28:13-44
41            android:permission="com.google.firebase.auth.api.gms.permission.LAUNCH_FEDERATED_SIGN_IN"
41-->[com.google.firebase:firebase-auth:19.1.0] AndroidManifest.xml:29:13-102
42            android:theme="@android:style/Theme.Translucent.NoTitleBar" />
42-->[com.google.firebase:firebase-auth:19.1.0] AndroidManifest.xml:30:13-72
43
44        <service
44-->[com.google.firebase:firebase-auth:19.1.0] AndroidManifest.xml:33:9-39:19
45            android:name="com.google.firebase.components.ComponentDiscoveryService"
45-->[com.google.firebase:firebase-auth:19.1.0] AndroidManifest.xml:34:13-84
46            android:directBootAware="true"
46-->[com.google.firebase:firebase-common:19.2.0] AndroidManifest.xml:15:13-43
47            android:exported="false" >
47-->[com.google.firebase:firebase-auth:19.1.0] AndroidManifest.xml:35:13-37
48            <meta-data
48-->[com.google.firebase:firebase-auth:19.1.0] AndroidManifest.xml:36:13-38:85
49                android:name="com.google.firebase.components:com.google.firebase.auth.FirebaseAuthRegistrar"
49-->[com.google.firebase:firebase-auth:19.1.0] AndroidManifest.xml:37:17-109
50                android:value="com.google.firebase.components.ComponentRegistrar" />
50-->[com.google.firebase:firebase-auth:19.1.0] AndroidManifest.xml:38:17-82
51            <meta-data
51-->[com.google.firebase:firebase-database:19.2.0] AndroidManifest.xml:32:13-34:85
52                android:name="com.google.firebase.components:com.google.firebase.database.DatabaseRegistrar"
52-->[com.google.firebase:firebase-database:19.2.0] AndroidManifest.xml:33:17-109
53                android:value="com.google.firebase.components.ComponentRegistrar" />
53-->[com.google.firebase:firebase-database:19.2.0] AndroidManifest.xml:34:17-82
54        </service>
55
56        <provider
56-->[com.squareup.picasso:picasso:2.71828] AndroidManifest.xml:8:9-11:40
57            android:name="com.squareup.picasso.PicassoProvider"
57-->[com.squareup.picasso:picasso:2.71828] AndroidManifest.xml:9:13-64
58            android:authorities="com.example.firebasetest.com.squareup.picasso"
58-->[com.squareup.picasso:picasso:2.71828] AndroidManifest.xml:10:13-72
59            android:exported="false" />
59-->[com.squareup.picasso:picasso:2.71828] AndroidManifest.xml:11:13-37
60
61        <activity
61-->[com.google.android.gms:play-services-base:17.1.0] AndroidManifest.xml:23:9-26:75
62            android:name="com.google.android.gms.common.api.GoogleApiActivity"
62-->[com.google.android.gms:play-services-base:17.1.0] AndroidManifest.xml:24:13-79
63            android:exported="false"
63-->[com.google.android.gms:play-services-base:17.1.0] AndroidManifest.xml:25:13-37
64            android:theme="@android:style/Theme.Translucent.NoTitleBar" />
64-->[com.google.android.gms:play-services-base:17.1.0] AndroidManifest.xml:26:13-72
65
66        <provider
66-->[com.google.firebase:firebase-common:19.2.0] AndroidManifest.xml:19:9-23:39
67            android:name="com.google.firebase.provider.FirebaseInitProvider"
67-->[com.google.firebase:firebase-common:19.2.0] AndroidManifest.xml:20:13-77
68            android:authorities="com.example.firebasetest.firebaseinitprovider"
68-->[com.google.firebase:firebase-common:19.2.0] AndroidManifest.xml:21:13-72
69            android:exported="false"
69-->[com.google.firebase:firebase-common:19.2.0] AndroidManifest.xml:22:13-37
70            android:initOrder="100" />
70-->[com.google.firebase:firebase-common:19.2.0] AndroidManifest.xml:23:13-36
71
72        <meta-data
72-->[com.google.android.gms:play-services-basement:17.0.0] AndroidManifest.xml:23:9-25:69
73            android:name="com.google.android.gms.version"
73-->[com.google.android.gms:play-services-basement:17.0.0] AndroidManifest.xml:24:13-58
74            android:value="@integer/google_play_services_version" />
74-->[com.google.android.gms:play-services-basement:17.0.0] AndroidManifest.xml:25:13-66
75    </application>
76
77</manifest>